2021-12-22T04:41:35+00:00 CRITICAL Uncaught ArgumentCountError: array_merge() does not accept unknown named parameters in C:\xampp\htdocs\fidofinance\wp-content\plugins\stream\connectors\class-connector-widgets.php:300
Stack trace:
#0 [internal function]: array_merge(wp_inactive_widgets: Array, primary: Array, footer-widget: Array, footer-widget-2: Array, footer-widget-3: Array, footer-widget-4: Array, header-left-sidebar: Array, header-right-sidebar: Array, footer-box-popup: Array, top-footer: Array, copyrights: Array, default-sidebar: Array)
#1 C:\xampp\htdocs\fidofinance\wp-content\plugins\stream\connectors\class-connector-widgets.php(300): call_user_func_array('array_merge', Array)
#2 C:\xampp\htdocs\fidofinance\wp-content\plugins\stream\connectors\class-connector-widgets.php(178): WP_Stream\Connector_Widgets->handle_widget_removal(Array, Array)
#3 C:\xampp\htdocs\fidofinance\wp-content\plugins\stream\connectors\class-connector-widgets.php(144): WP_Stream\Connector_Widgets->handle_sidebars_widgets_changes(Array, Array)
#4 [internal function]: WP_Stream\Connector_Widgets->callback_update_option_sidebars_widgets(Array, Array, 'sidebars_widget...')
#5 C:\xampp\htdocs\fidofinance\wp-content\plugins\stream\classes\class-connector.php(127): call_user_func_array(Array, Array)
#6 C:\xampp\htdocs\fidofinance\wp-includes\class-wp-hook.php(303): WP_Stream\Connector->callback(Array, Array, 'sidebars_widget...')
#7 C:\xampp\htdocs\fidofinance\wp-includes\class-wp-hook.php(327): WP_Hook->apply_filters('', Array)
#8 C:\xampp\htdocs\fidofinance\wp-includes\plugin.php(470): WP_Hook->do_action(Array)
#9 C:\xampp\htdocs\fidofinance\wp-includes\option.php(521): do_action('update_option_s...', Array, Array, 'sidebars_widget...')
#10 C:\xampp\htdocs\fidofinance\wp-includes\widgets.php(1057): update_option('sidebars_widget...', Array)
#11 C:\xampp\htdocs\fidofinance\wp-includes\widgets.php(1914): wp_set_sidebars_widgets(Array)
#12 C:\xampp\htdocs\fidofinance\wp-includes\rest-api\endpoints\class-wp-rest-widgets-controller.php(199): wp_assign_widget_to_sidebar('block-2', 'top-footer')
#13 C:\xampp\htdocs\fidofinance\wp-includes\rest-api\class-wp-rest-server.php(1140): WP_REST_Widgets_Controller->create_item(Object(WP_REST_Request))
#14 C:\xampp\htdocs\fidofinance\wp-includes\rest-api\class-wp-rest-server.php(1626): WP_REST_Server->respond_to_request(Object(WP_REST_Request), '/wp/v2/widgets', Array, NULL)
#15 C:\xampp\htdocs\fidofinance\wp-includes\rest-api\class-wp-rest-server.php(1140): WP_REST_Server->serve_batch_request_v1(Object(WP_REST_Request))
#16 C:\xampp\htdocs\fidofinance\wp-includes\rest-api\class-wp-rest-server.php(987): WP_REST_Server->respond_to_request(Object(WP_REST_Request), '/batch/v1', Array, NULL)
#17 C:\xampp\htdocs\fidofinance\wp-includes\rest-api\class-wp-rest-server.php(414): WP_REST_Server->dispatch(Object(WP_REST_Request))
#18 C:\xampp\htdocs\fidofinance\wp-includes\rest-api.php(370): WP_REST_Server->serve_request('/batch/v1')
#19 C:\xampp\htdocs\fidofinance\wp-includes\class-wp-hook.php(303): rest_api_loaded(Object(WP))
#20 C:\xampp\htdocs\fidofinance\wp-includes\class-wp-hook.php(327): WP_Hook->apply_filters(NULL, Array)
#21 C:\xampp\htdocs\fidofinance\wp-includes\plugin.php(518): WP_Hook->do_action(Array)
#22 C:\xampp\htdocs\fidofinance\wp-includes\class-wp.php(388): do_action_ref_array('parse_request', Array)
#23 C:\xampp\htdocs\fidofinance\wp-includes\class-wp.php(750): WP->parse_request('')
#24 C:\xampp\htdocs\fidofinance\wp-includes\functions.php(1291): WP->main('')
#25 C:\xampp\htdocs\fidofinance\wp-blog-header.php(16): wp()
#26 C:\xampp\htdocs\fidofinance\index.php(17): require('C:\\xampp\\htdocs...')
#27 {main}
  thrown in C:\xampp\htdocs\fidofinance\wp-content\plugins\stream\connectors\class-connector-widgets.php on line 300

2021-12-22T04:42:01+00:00 CRITICAL Uncaught ArgumentCountError: array_merge() does not accept unknown named parameters in C:\xampp\htdocs\fidofinance\wp-content\plugins\stream\connectors\class-connector-widgets.php:300
Stack trace:
#0 [internal function]: array_merge(wp_inactive_widgets: Array, primary: Array, footer-widget: Array, footer-widget-2: Array, footer-widget-3: Array, footer-widget-4: Array, header-left-sidebar: Array, header-right-sidebar: Array, footer-box-popup: Array, top-footer: Array, copyrights: Array, default-sidebar: Array)
#1 C:\xampp\htdocs\fidofinance\wp-content\plugins\stream\connectors\class-connector-widgets.php(300): call_user_func_array('array_merge', Array)
#2 C:\xampp\htdocs\fidofinance\wp-content\plugins\stream\connectors\class-connector-widgets.php(178): WP_Stream\Connector_Widgets->handle_widget_removal(Array, Array)
#3 C:\xampp\htdocs\fidofinance\wp-content\plugins\stream\connectors\class-connector-widgets.php(144): WP_Stream\Connector_Widgets->handle_sidebars_widgets_changes(Array, Array)
#4 [internal function]: WP_Stream\Connector_Widgets->callback_update_option_sidebars_widgets(Array, Array, 'sidebars_widget...')
#5 C:\xampp\htdocs\fidofinance\wp-content\plugins\stream\classes\class-connector.php(127): call_user_func_array(Array, Array)
#6 C:\xampp\htdocs\fidofinance\wp-includes\class-wp-hook.php(303): WP_Stream\Connector->callback(Array, Array, 'sidebars_widget...')
#7 C:\xampp\htdocs\fidofinance\wp-includes\class-wp-hook.php(327): WP_Hook->apply_filters('', Array)
#8 C:\xampp\htdocs\fidofinance\wp-includes\plugin.php(470): WP_Hook->do_action(Array)
#9 C:\xampp\htdocs\fidofinance\wp-includes\option.php(521): do_action('update_option_s...', Array, Array, 'sidebars_widget...')
#10 C:\xampp\htdocs\fidofinance\wp-includes\widgets.php(1057): update_option('sidebars_widget...', Array)
#11 C:\xampp\htdocs\fidofinance\wp-includes\widgets.php(1914): wp_set_sidebars_widgets(Array)
#12 C:\xampp\htdocs\fidofinance\wp-includes\rest-api\endpoints\class-wp-rest-widgets-controller.php(199): wp_assign_widget_to_sidebar('block-3', 'top-footer')
#13 C:\xampp\htdocs\fidofinance\wp-includes\rest-api\class-wp-rest-server.php(1140): WP_REST_Widgets_Controller->create_item(Object(WP_REST_Request))
#14 C:\xampp\htdocs\fidofinance\wp-includes\rest-api\class-wp-rest-server.php(1626): WP_REST_Server->respond_to_request(Object(WP_REST_Request), '/wp/v2/widgets', Array, NULL)
#15 C:\xampp\htdocs\fidofinance\wp-includes\rest-api\class-wp-rest-server.php(1140): WP_REST_Server->serve_batch_request_v1(Object(WP_REST_Request))
#16 C:\xampp\htdocs\fidofinance\wp-includes\rest-api\class-wp-rest-server.php(987): WP_REST_Server->respond_to_request(Object(WP_REST_Request), '/batch/v1', Array, NULL)
#17 C:\xampp\htdocs\fidofinance\wp-includes\rest-api\class-wp-rest-server.php(414): WP_REST_Server->dispatch(Object(WP_REST_Request))
#18 C:\xampp\htdocs\fidofinance\wp-includes\rest-api.php(370): WP_REST_Server->serve_request('/batch/v1')
#19 C:\xampp\htdocs\fidofinance\wp-includes\class-wp-hook.php(303): rest_api_loaded(Object(WP))
#20 C:\xampp\htdocs\fidofinance\wp-includes\class-wp-hook.php(327): WP_Hook->apply_filters(NULL, Array)
#21 C:\xampp\htdocs\fidofinance\wp-includes\plugin.php(518): WP_Hook->do_action(Array)
#22 C:\xampp\htdocs\fidofinance\wp-includes\class-wp.php(388): do_action_ref_array('parse_request', Array)
#23 C:\xampp\htdocs\fidofinance\wp-includes\class-wp.php(750): WP->parse_request('')
#24 C:\xampp\htdocs\fidofinance\wp-includes\functions.php(1291): WP->main('')
#25 C:\xampp\htdocs\fidofinance\wp-blog-header.php(16): wp()
#26 C:\xampp\htdocs\fidofinance\index.php(17): require('C:\\xampp\\htdocs...')
#27 {main}
  thrown in C:\xampp\htdocs\fidofinance\wp-content\plugins\stream\connectors\class-connector-widgets.php on line 300

2021-12-22T04:42:05+00:00 CRITICAL Uncaught ArgumentCountError: array_merge() does not accept unknown named parameters in C:\xampp\htdocs\fidofinance\wp-content\plugins\stream\connectors\class-connector-widgets.php:300
Stack trace:
#0 [internal function]: array_merge(wp_inactive_widgets: Array, primary: Array, footer-widget: Array, footer-widget-2: Array, footer-widget-3: Array, footer-widget-4: Array, header-left-sidebar: Array, header-right-sidebar: Array, footer-box-popup: Array, top-footer: Array, copyrights: Array, default-sidebar: Array)
#1 C:\xampp\htdocs\fidofinance\wp-content\plugins\stream\connectors\class-connector-widgets.php(300): call_user_func_array('array_merge', Array)
#2 C:\xampp\htdocs\fidofinance\wp-content\plugins\stream\connectors\class-connector-widgets.php(178): WP_Stream\Connector_Widgets->handle_widget_removal(Array, Array)
#3 C:\xampp\htdocs\fidofinance\wp-content\plugins\stream\connectors\class-connector-widgets.php(144): WP_Stream\Connector_Widgets->handle_sidebars_widgets_changes(Array, Array)
#4 [internal function]: WP_Stream\Connector_Widgets->callback_update_option_sidebars_widgets(Array, Array, 'sidebars_widget...')
#5 C:\xampp\htdocs\fidofinance\wp-content\plugins\stream\classes\class-connector.php(127): call_user_func_array(Array, Array)
#6 C:\xampp\htdocs\fidofinance\wp-includes\class-wp-hook.php(303): WP_Stream\Connector->callback(Array, Array, 'sidebars_widget...')
#7 C:\xampp\htdocs\fidofinance\wp-includes\class-wp-hook.php(327): WP_Hook->apply_filters('', Array)
#8 C:\xampp\htdocs\fidofinance\wp-includes\plugin.php(470): WP_Hook->do_action(Array)
#9 C:\xampp\htdocs\fidofinance\wp-includes\option.php(521): do_action('update_option_s...', Array, Array, 'sidebars_widget...')
#10 C:\xampp\htdocs\fidofinance\wp-includes\widgets.php(1057): update_option('sidebars_widget...', Array)
#11 C:\xampp\htdocs\fidofinance\wp-includes\widgets.php(1914): wp_set_sidebars_widgets(Array)
#12 C:\xampp\htdocs\fidofinance\wp-includes\rest-api\endpoints\class-wp-rest-widgets-controller.php(199): wp_assign_widget_to_sidebar('block-4', 'top-footer')
#13 C:\xampp\htdocs\fidofinance\wp-includes\rest-api\class-wp-rest-server.php(1140): WP_REST_Widgets_Controller->create_item(Object(WP_REST_Request))
#14 C:\xampp\htdocs\fidofinance\wp-includes\rest-api\class-wp-rest-server.php(1626): WP_REST_Server->respond_to_request(Object(WP_REST_Request), '/wp/v2/widgets', Array, NULL)
#15 C:\xampp\htdocs\fidofinance\wp-includes\rest-api\class-wp-rest-server.php(1140): WP_REST_Server->serve_batch_request_v1(Object(WP_REST_Request))
#16 C:\xampp\htdocs\fidofinance\wp-includes\rest-api\class-wp-rest-server.php(987): WP_REST_Server->respond_to_request(Object(WP_REST_Request), '/batch/v1', Array, NULL)
#17 C:\xampp\htdocs\fidofinance\wp-includes\rest-api\class-wp-rest-server.php(414): WP_REST_Server->dispatch(Object(WP_REST_Request))
#18 C:\xampp\htdocs\fidofinance\wp-includes\rest-api.php(370): WP_REST_Server->serve_request('/batch/v1')
#19 C:\xampp\htdocs\fidofinance\wp-includes\class-wp-hook.php(303): rest_api_loaded(Object(WP))
#20 C:\xampp\htdocs\fidofinance\wp-includes\class-wp-hook.php(327): WP_Hook->apply_filters(NULL, Array)
#21 C:\xampp\htdocs\fidofinance\wp-includes\plugin.php(518): WP_Hook->do_action(Array)
#22 C:\xampp\htdocs\fidofinance\wp-includes\class-wp.php(388): do_action_ref_array('parse_request', Array)
#23 C:\xampp\htdocs\fidofinance\wp-includes\class-wp.php(750): WP->parse_request('')
#24 C:\xampp\htdocs\fidofinance\wp-includes\functions.php(1291): WP->main('')
#25 C:\xampp\htdocs\fidofinance\wp-blog-header.php(16): wp()
#26 C:\xampp\htdocs\fidofinance\index.php(17): require('C:\\xampp\\htdocs...')
#27 {main}
  thrown in C:\xampp\htdocs\fidofinance\wp-content\plugins\stream\connectors\class-connector-widgets.php on line 300

2021-12-22T04:42:37+00:00 CRITICAL Uncaught ArgumentCountError: array_merge() does not accept unknown named parameters in C:\xampp\htdocs\fidofinance\wp-content\plugins\stream\connectors\class-connector-widgets.php:300
Stack trace:
#0 [internal function]: array_merge(wp_inactive_widgets: Array, primary: Array, footer-widget: Array, footer-widget-2: Array, footer-widget-3: Array, footer-widget-4: Array, header-left-sidebar: Array, header-right-sidebar: Array, footer-box-popup: Array, top-footer: Array, copyrights: Array, default-sidebar: Array)
#1 C:\xampp\htdocs\fidofinance\wp-content\plugins\stream\connectors\class-connector-widgets.php(300): call_user_func_array('array_merge', Array)
#2 C:\xampp\htdocs\fidofinance\wp-content\plugins\stream\connectors\class-connector-widgets.php(178): WP_Stream\Connector_Widgets->handle_widget_removal(Array, Array)
#3 C:\xampp\htdocs\fidofinance\wp-content\plugins\stream\connectors\class-connector-widgets.php(144): WP_Stream\Connector_Widgets->handle_sidebars_widgets_changes(Array, Array)
#4 [internal function]: WP_Stream\Connector_Widgets->callback_update_option_sidebars_widgets(Array, Array, 'sidebars_widget...')
#5 C:\xampp\htdocs\fidofinance\wp-content\plugins\stream\classes\class-connector.php(127): call_user_func_array(Array, Array)
#6 C:\xampp\htdocs\fidofinance\wp-includes\class-wp-hook.php(303): WP_Stream\Connector->callback(Array, Array, 'sidebars_widget...')
#7 C:\xampp\htdocs\fidofinance\wp-includes\class-wp-hook.php(327): WP_Hook->apply_filters('', Array)
#8 C:\xampp\htdocs\fidofinance\wp-includes\plugin.php(470): WP_Hook->do_action(Array)
#9 C:\xampp\htdocs\fidofinance\wp-includes\option.php(521): do_action('update_option_s...', Array, Array, 'sidebars_widget...')
#10 C:\xampp\htdocs\fidofinance\wp-includes\widgets.php(1057): update_option('sidebars_widget...', Array)
#11 C:\xampp\htdocs\fidofinance\wp-includes\widgets.php(1914): wp_set_sidebars_widgets(Array)
#12 C:\xampp\htdocs\fidofinance\wp-includes\rest-api\endpoints\class-wp-rest-widgets-controller.php(199): wp_assign_widget_to_sidebar('block-5', 'top-footer')
#13 C:\xampp\htdocs\fidofinance\wp-includes\rest-api\class-wp-rest-server.php(1140): WP_REST_Widgets_Controller->create_item(Object(WP_REST_Request))
#14 C:\xampp\htdocs\fidofinance\wp-includes\rest-api\class-wp-rest-server.php(1626): WP_REST_Server->respond_to_request(Object(WP_REST_Request), '/wp/v2/widgets', Array, NULL)
#15 C:\xampp\htdocs\fidofinance\wp-includes\rest-api\class-wp-rest-server.php(1140): WP_REST_Server->serve_batch_request_v1(Object(WP_REST_Request))
#16 C:\xampp\htdocs\fidofinance\wp-includes\rest-api\class-wp-rest-server.php(987): WP_REST_Server->respond_to_request(Object(WP_REST_Request), '/batch/v1', Array, NULL)
#17 C:\xampp\htdocs\fidofinance\wp-includes\rest-api\class-wp-rest-server.php(414): WP_REST_Server->dispatch(Object(WP_REST_Request))
#18 C:\xampp\htdocs\fidofinance\wp-includes\rest-api.php(370): WP_REST_Server->serve_request('/batch/v1')
#19 C:\xampp\htdocs\fidofinance\wp-includes\class-wp-hook.php(303): rest_api_loaded(Object(WP))
#20 C:\xampp\htdocs\fidofinance\wp-includes\class-wp-hook.php(327): WP_Hook->apply_filters(NULL, Array)
#21 C:\xampp\htdocs\fidofinance\wp-includes\plugin.php(518): WP_Hook->do_action(Array)
#22 C:\xampp\htdocs\fidofinance\wp-includes\class-wp.php(388): do_action_ref_array('parse_request', Array)
#23 C:\xampp\htdocs\fidofinance\wp-includes\class-wp.php(750): WP->parse_request('')
#24 C:\xampp\htdocs\fidofinance\wp-includes\functions.php(1291): WP->main('')
#25 C:\xampp\htdocs\fidofinance\wp-blog-header.php(16): wp()
#26 C:\xampp\htdocs\fidofinance\index.php(17): require('C:\\xampp\\htdocs...')
#27 {main}
  thrown in C:\xampp\htdocs\fidofinance\wp-content\plugins\stream\connectors\class-connector-widgets.php on line 300

2021-12-22T04:44:07+00:00 CRITICAL Uncaught ArgumentCountError: array_merge() does not accept unknown named parameters in C:\xampp\htdocs\fidofinance\wp-content\plugins\stream\connectors\class-connector-widgets.php:300
Stack trace:
#0 [internal function]: array_merge(wp_inactive_widgets: Array, primary: Array, footer-widget: Array, footer-widget-2: Array, footer-widget-3: Array, footer-widget-4: Array, header-left-sidebar: Array, header-right-sidebar: Array, footer-box-popup: Array, top-footer: Array, copyrights: Array, default-sidebar: Array)
#1 C:\xampp\htdocs\fidofinance\wp-content\plugins\stream\connectors\class-connector-widgets.php(300): call_user_func_array('array_merge', Array)
#2 C:\xampp\htdocs\fidofinance\wp-content\plugins\stream\connectors\class-connector-widgets.php(178): WP_Stream\Connector_Widgets->handle_widget_removal(Array, Array)
#3 C:\xampp\htdocs\fidofinance\wp-content\plugins\stream\connectors\class-connector-widgets.php(144): WP_Stream\Connector_Widgets->handle_sidebars_widgets_changes(Array, Array)
#4 [internal function]: WP_Stream\Connector_Widgets->callback_update_option_sidebars_widgets(Array, Array, 'sidebars_widget...')
#5 C:\xampp\htdocs\fidofinance\wp-content\plugins\stream\classes\class-connector.php(127): call_user_func_array(Array, Array)
#6 C:\xampp\htdocs\fidofinance\wp-includes\class-wp-hook.php(303): WP_Stream\Connector->callback(Array, Array, 'sidebars_widget...')
#7 C:\xampp\htdocs\fidofinance\wp-includes\class-wp-hook.php(327): WP_Hook->apply_filters('', Array)
#8 C:\xampp\htdocs\fidofinance\wp-includes\plugin.php(470): WP_Hook->do_action(Array)
#9 C:\xampp\htdocs\fidofinance\wp-includes\option.php(521): do_action('update_option_s...', Array, Array, 'sidebars_widget...')
#10 C:\xampp\htdocs\fidofinance\wp-includes\widgets.php(1057): update_option('sidebars_widget...', Array)
#11 C:\xampp\htdocs\fidofinance\wp-includes\widgets.php(1914): wp_set_sidebars_widgets(Array)
#12 C:\xampp\htdocs\fidofinance\wp-includes\rest-api\endpoints\class-wp-rest-widgets-controller.php(385): wp_assign_widget_to_sidebar('custom_html-7', '')
#13 C:\xampp\htdocs\fidofinance\wp-includes\rest-api\class-wp-rest-server.php(1140): WP_REST_Widgets_Controller->delete_item(Object(WP_REST_Request))
#14 C:\xampp\htdocs\fidofinance\wp-includes\rest-api\class-wp-rest-server.php(1626): WP_REST_Server->respond_to_request(Object(WP_REST_Request), '/wp/v2/widgets/...', Array, NULL)
#15 C:\xampp\htdocs\fidofinance\wp-includes\rest-api\class-wp-rest-server.php(1140): WP_REST_Server->serve_batch_request_v1(Object(WP_REST_Request))
#16 C:\xampp\htdocs\fidofinance\wp-includes\rest-api\class-wp-rest-server.php(987): WP_REST_Server->respond_to_request(Object(WP_REST_Request), '/batch/v1', Array, NULL)
#17 C:\xampp\htdocs\fidofinance\wp-includes\rest-api\class-wp-rest-server.php(414): WP_REST_Server->dispatch(Object(WP_REST_Request))
#18 C:\xampp\htdocs\fidofinance\wp-includes\rest-api.php(370): WP_REST_Server->serve_request('/batch/v1')
#19 C:\xampp\htdocs\fidofinance\wp-includes\class-wp-hook.php(303): rest_api_loaded(Object(WP))
#20 C:\xampp\htdocs\fidofinance\wp-includes\class-wp-hook.php(327): WP_Hook->apply_filters(NULL, Array)
#21 C:\xampp\htdocs\fidofinance\wp-includes\plugin.php(518): WP_Hook->do_action(Array)
#22 C:\xampp\htdocs\fidofinance\wp-includes\class-wp.php(388): do_action_ref_array('parse_request', Array)
#23 C:\xampp\htdocs\fidofinance\wp-includes\class-wp.php(750): WP->parse_request('')
#24 C:\xampp\htdocs\fidofinance\wp-includes\functions.php(1291): WP->main('')
#25 C:\xampp\htdocs\fidofinance\wp-blog-header.php(16): wp()
#26 C:\xampp\htdocs\fidofinance\index.php(17): require('C:\\xampp\\htdocs...')
#27 {main}
  thrown in C:\xampp\htdocs\fidofinance\wp-content\plugins\stream\connectors\class-connector-widgets.php on line 300

2021-12-22T04:48:58+00:00 CRITICAL Uncaught ArgumentCountError: array_merge() does not accept unknown named parameters in C:\xampp\htdocs\fidofinance\wp-content\plugins\stream\connectors\class-connector-widgets.php:300
Stack trace:
#0 [internal function]: array_merge(wp_inactive_widgets: Array, primary: Array, footer-widget: Array, footer-widget-2: Array, footer-widget-3: Array, footer-widget-4: Array, header-left-sidebar: Array, header-right-sidebar: Array, footer-box-popup: Array, top-footer: Array, copyrights: Array, default-sidebar: Array)
#1 C:\xampp\htdocs\fidofinance\wp-content\plugins\stream\connectors\class-connector-widgets.php(300): call_user_func_array('array_merge', Array)
#2 C:\xampp\htdocs\fidofinance\wp-content\plugins\stream\connectors\class-connector-widgets.php(178): WP_Stream\Connector_Widgets->handle_widget_removal(Array, Array)
#3 C:\xampp\htdocs\fidofinance\wp-content\plugins\stream\connectors\class-connector-widgets.php(144): WP_Stream\Connector_Widgets->handle_sidebars_widgets_changes(Array, Array)
#4 [internal function]: WP_Stream\Connector_Widgets->callback_update_option_sidebars_widgets(Array, Array, 'sidebars_widget...')
#5 C:\xampp\htdocs\fidofinance\wp-content\plugins\stream\classes\class-connector.php(127): call_user_func_array(Array, Array)
#6 C:\xampp\htdocs\fidofinance\wp-includes\class-wp-hook.php(303): WP_Stream\Connector->callback(Array, Array, 'sidebars_widget...')
#7 C:\xampp\htdocs\fidofinance\wp-includes\class-wp-hook.php(327): WP_Hook->apply_filters('', Array)
#8 C:\xampp\htdocs\fidofinance\wp-includes\plugin.php(470): WP_Hook->do_action(Array)
#9 C:\xampp\htdocs\fidofinance\wp-includes\option.php(521): do_action('update_option_s...', Array, Array, 'sidebars_widget...')
#10 C:\xampp\htdocs\fidofinance\wp-includes\widgets.php(1057): update_option('sidebars_widget...', Array)
#11 C:\xampp\htdocs\fidofinance\wp-includes\widgets.php(1914): wp_set_sidebars_widgets(Array)
#12 C:\xampp\htdocs\fidofinance\wp-includes\rest-api\endpoints\class-wp-rest-widgets-controller.php(385): wp_assign_widget_to_sidebar('block-2', '')
#13 C:\xampp\htdocs\fidofinance\wp-includes\rest-api\class-wp-rest-server.php(1140): WP_REST_Widgets_Controller->delete_item(Object(WP_REST_Request))
#14 C:\xampp\htdocs\fidofinance\wp-includes\rest-api\class-wp-rest-server.php(1626): WP_REST_Server->respond_to_request(Object(WP_REST_Request), '/wp/v2/widgets/...', Array, NULL)
#15 C:\xampp\htdocs\fidofinance\wp-includes\rest-api\class-wp-rest-server.php(1140): WP_REST_Server->serve_batch_request_v1(Object(WP_REST_Request))
#16 C:\xampp\htdocs\fidofinance\wp-includes\rest-api\class-wp-rest-server.php(987): WP_REST_Server->respond_to_request(Object(WP_REST_Request), '/batch/v1', Array, NULL)
#17 C:\xampp\htdocs\fidofinance\wp-includes\rest-api\class-wp-rest-server.php(414): WP_REST_Server->dispatch(Object(WP_REST_Request))
#18 C:\xampp\htdocs\fidofinance\wp-includes\rest-api.php(370): WP_REST_Server->serve_request('/batch/v1')
#19 C:\xampp\htdocs\fidofinance\wp-includes\class-wp-hook.php(303): rest_api_loaded(Object(WP))
#20 C:\xampp\htdocs\fidofinance\wp-includes\class-wp-hook.php(327): WP_Hook->apply_filters(NULL, Array)
#21 C:\xampp\htdocs\fidofinance\wp-includes\plugin.php(518): WP_Hook->do_action(Array)
#22 C:\xampp\htdocs\fidofinance\wp-includes\class-wp.php(388): do_action_ref_array('parse_request', Array)
#23 C:\xampp\htdocs\fidofinance\wp-includes\class-wp.php(750): WP->parse_request('')
#24 C:\xampp\htdocs\fidofinance\wp-includes\functions.php(1291): WP->main('')
#25 C:\xampp\htdocs\fidofinance\wp-blog-header.php(16): wp()
#26 C:\xampp\htdocs\fidofinance\index.php(17): require('C:\\xampp\\htdocs...')
#27 {main}
  thrown in C:\xampp\htdocs\fidofinance\wp-content\plugins\stream\connectors\class-connector-widgets.php on line 300

2021-12-22T04:51:32+00:00 CRITICAL Uncaught ArgumentCountError: array_merge() does not accept unknown named parameters in C:\xampp\htdocs\fidofinance\wp-content\plugins\stream\connectors\class-connector-widgets.php:300
Stack trace:
#0 [internal function]: array_merge(wp_inactive_widgets: Array, primary: Array, footer-widget: Array, footer-widget-2: Array, footer-widget-3: Array, footer-widget-4: Array, header-left-sidebar: Array, header-right-sidebar: Array, footer-box-popup: Array, top-footer: Array, copyrights: Array, default-sidebar: Array)
#1 C:\xampp\htdocs\fidofinance\wp-content\plugins\stream\connectors\class-connector-widgets.php(300): call_user_func_array('array_merge', Array)
#2 C:\xampp\htdocs\fidofinance\wp-content\plugins\stream\connectors\class-connector-widgets.php(178): WP_Stream\Connector_Widgets->handle_widget_removal(Array, Array)
#3 C:\xampp\htdocs\fidofinance\wp-content\plugins\stream\connectors\class-connector-widgets.php(144): WP_Stream\Connector_Widgets->handle_sidebars_widgets_changes(Array, Array)
#4 [internal function]: WP_Stream\Connector_Widgets->callback_update_option_sidebars_widgets(Array, Array, 'sidebars_widget...')
#5 C:\xampp\htdocs\fidofinance\wp-content\plugins\stream\classes\class-connector.php(127): call_user_func_array(Array, Array)
#6 C:\xampp\htdocs\fidofinance\wp-includes\class-wp-hook.php(303): WP_Stream\Connector->callback(Array, Array, 'sidebars_widget...')
#7 C:\xampp\htdocs\fidofinance\wp-includes\class-wp-hook.php(327): WP_Hook->apply_filters('', Array)
#8 C:\xampp\htdocs\fidofinance\wp-includes\plugin.php(470): WP_Hook->do_action(Array)
#9 C:\xampp\htdocs\fidofinance\wp-includes\option.php(521): do_action('update_option_s...', Array, Array, 'sidebars_widget...')
#10 C:\xampp\htdocs\fidofinance\wp-includes\widgets.php(1057): update_option('sidebars_widget...', Array)
#11 C:\xampp\htdocs\fidofinance\wp-includes\widgets.php(1914): wp_set_sidebars_widgets(Array)
#12 C:\xampp\htdocs\fidofinance\wp-includes\rest-api\endpoints\class-wp-rest-widgets-controller.php(385): wp_assign_widget_to_sidebar('block-3', '')
#13 C:\xampp\htdocs\fidofinance\wp-includes\rest-api\class-wp-rest-server.php(1140): WP_REST_Widgets_Controller->delete_item(Object(WP_REST_Request))
#14 C:\xampp\htdocs\fidofinance\wp-includes\rest-api\class-wp-rest-server.php(1626): WP_REST_Server->respond_to_request(Object(WP_REST_Request), '/wp/v2/widgets/...', Array, NULL)
#15 C:\xampp\htdocs\fidofinance\wp-includes\rest-api\class-wp-rest-server.php(1140): WP_REST_Server->serve_batch_request_v1(Object(WP_REST_Request))
#16 C:\xampp\htdocs\fidofinance\wp-includes\rest-api\class-wp-rest-server.php(987): WP_REST_Server->respond_to_request(Object(WP_REST_Request), '/batch/v1', Array, NULL)
#17 C:\xampp\htdocs\fidofinance\wp-includes\rest-api\class-wp-rest-server.php(414): WP_REST_Server->dispatch(Object(WP_REST_Request))
#18 C:\xampp\htdocs\fidofinance\wp-includes\rest-api.php(370): WP_REST_Server->serve_request('/batch/v1')
#19 C:\xampp\htdocs\fidofinance\wp-includes\class-wp-hook.php(303): rest_api_loaded(Object(WP))
#20 C:\xampp\htdocs\fidofinance\wp-includes\class-wp-hook.php(327): WP_Hook->apply_filters(NULL, Array)
#21 C:\xampp\htdocs\fidofinance\wp-includes\plugin.php(518): WP_Hook->do_action(Array)
#22 C:\xampp\htdocs\fidofinance\wp-includes\class-wp.php(388): do_action_ref_array('parse_request', Array)
#23 C:\xampp\htdocs\fidofinance\wp-includes\class-wp.php(750): WP->parse_request('')
#24 C:\xampp\htdocs\fidofinance\wp-includes\functions.php(1291): WP->main('')
#25 C:\xampp\htdocs\fidofinance\wp-blog-header.php(16): wp()
#26 C:\xampp\htdocs\fidofinance\index.php(17): require('C:\\xampp\\htdocs...')
#27 {main}
  thrown in C:\xampp\htdocs\fidofinance\wp-content\plugins\stream\connectors\class-connector-widgets.php on line 300

2021-12-22T04:55:28+00:00 CRITICAL Uncaught ArgumentCountError: array_merge() does not accept unknown named parameters in C:\xampp\htdocs\fidofinance\wp-content\plugins\stream\connectors\class-connector-widgets.php:300
Stack trace:
#0 [internal function]: array_merge(wp_inactive_widgets: Array, primary: Array, footer-widget: Array, footer-widget-2: Array, footer-widget-3: Array, footer-widget-4: Array, header-left-sidebar: Array, header-right-sidebar: Array, footer-box-popup: Array, top-footer: Array, copyrights: Array, default-sidebar: Array)
#1 C:\xampp\htdocs\fidofinance\wp-content\plugins\stream\connectors\class-connector-widgets.php(300): call_user_func_array('array_merge', Array)
#2 C:\xampp\htdocs\fidofinance\wp-content\plugins\stream\connectors\class-connector-widgets.php(178): WP_Stream\Connector_Widgets->handle_widget_removal(Array, Array)
#3 C:\xampp\htdocs\fidofinance\wp-content\plugins\stream\connectors\class-connector-widgets.php(144): WP_Stream\Connector_Widgets->handle_sidebars_widgets_changes(Array, Array)
#4 [internal function]: WP_Stream\Connector_Widgets->callback_update_option_sidebars_widgets(Array, Array, 'sidebars_widget...')
#5 C:\xampp\htdocs\fidofinance\wp-content\plugins\stream\classes\class-connector.php(127): call_user_func_array(Array, Array)
#6 C:\xampp\htdocs\fidofinance\wp-includes\class-wp-hook.php(303): WP_Stream\Connector->callback(Array, Array, 'sidebars_widget...')
#7 C:\xampp\htdocs\fidofinance\wp-includes\class-wp-hook.php(327): WP_Hook->apply_filters('', Array)
#8 C:\xampp\htdocs\fidofinance\wp-includes\plugin.php(470): WP_Hook->do_action(Array)
#9 C:\xampp\htdocs\fidofinance\wp-includes\option.php(521): do_action('update_option_s...', Array, Array, 'sidebars_widget...')
#10 C:\xampp\htdocs\fidofinance\wp-includes\widgets.php(1057): update_option('sidebars_widget...', Array)
#11 C:\xampp\htdocs\fidofinance\wp-includes\widgets.php(1914): wp_set_sidebars_widgets(Array)
#12 C:\xampp\htdocs\fidofinance\wp-includes\rest-api\endpoints\class-wp-rest-widgets-controller.php(199): wp_assign_widget_to_sidebar('block-6', 'top-footer')
#13 C:\xampp\htdocs\fidofinance\wp-includes\rest-api\class-wp-rest-server.php(1140): WP_REST_Widgets_Controller->create_item(Object(WP_REST_Request))
#14 C:\xampp\htdocs\fidofinance\wp-includes\rest-api\class-wp-rest-server.php(1626): WP_REST_Server->respond_to_request(Object(WP_REST_Request), '/wp/v2/widgets', Array, NULL)
#15 C:\xampp\htdocs\fidofinance\wp-includes\rest-api\class-wp-rest-server.php(1140): WP_REST_Server->serve_batch_request_v1(Object(WP_REST_Request))
#16 C:\xampp\htdocs\fidofinance\wp-includes\rest-api\class-wp-rest-server.php(987): WP_REST_Server->respond_to_request(Object(WP_REST_Request), '/batch/v1', Array, NULL)
#17 C:\xampp\htdocs\fidofinance\wp-includes\rest-api\class-wp-rest-server.php(414): WP_REST_Server->dispatch(Object(WP_REST_Request))
#18 C:\xampp\htdocs\fidofinance\wp-includes\rest-api.php(370): WP_REST_Server->serve_request('/batch/v1')
#19 C:\xampp\htdocs\fidofinance\wp-includes\class-wp-hook.php(303): rest_api_loaded(Object(WP))
#20 C:\xampp\htdocs\fidofinance\wp-includes\class-wp-hook.php(327): WP_Hook->apply_filters(NULL, Array)
#21 C:\xampp\htdocs\fidofinance\wp-includes\plugin.php(518): WP_Hook->do_action(Array)
#22 C:\xampp\htdocs\fidofinance\wp-includes\class-wp.php(388): do_action_ref_array('parse_request', Array)
#23 C:\xampp\htdocs\fidofinance\wp-includes\class-wp.php(750): WP->parse_request('')
#24 C:\xampp\htdocs\fidofinance\wp-includes\functions.php(1291): WP->main('')
#25 C:\xampp\htdocs\fidofinance\wp-blog-header.php(16): wp()
#26 C:\xampp\htdocs\fidofinance\index.php(17): require('C:\\xampp\\htdocs...')
#27 {main}
  thrown in C:\xampp\htdocs\fidofinance\wp-content\plugins\stream\connectors\class-connector-widgets.php on line 300

2021-12-22T04:55:48+00:00 CRITICAL Uncaught ArgumentCountError: array_merge() does not accept unknown named parameters in C:\xampp\htdocs\fidofinance\wp-content\plugins\stream\connectors\class-connector-widgets.php:300
Stack trace:
#0 [internal function]: array_merge(wp_inactive_widgets: Array, primary: Array, footer-widget: Array, footer-widget-2: Array, footer-widget-3: Array, footer-widget-4: Array, header-left-sidebar: Array, header-right-sidebar: Array, footer-box-popup: Array, top-footer: Array, copyrights: Array, default-sidebar: Array)
#1 C:\xampp\htdocs\fidofinance\wp-content\plugins\stream\connectors\class-connector-widgets.php(300): call_user_func_array('array_merge', Array)
#2 C:\xampp\htdocs\fidofinance\wp-content\plugins\stream\connectors\class-connector-widgets.php(178): WP_Stream\Connector_Widgets->handle_widget_removal(Array, Array)
#3 C:\xampp\htdocs\fidofinance\wp-content\plugins\stream\connectors\class-connector-widgets.php(144): WP_Stream\Connector_Widgets->handle_sidebars_widgets_changes(Array, Array)
#4 [internal function]: WP_Stream\Connector_Widgets->callback_update_option_sidebars_widgets(Array, Array, 'sidebars_widget...')
#5 C:\xampp\htdocs\fidofinance\wp-content\plugins\stream\classes\class-connector.php(127): call_user_func_array(Array, Array)
#6 C:\xampp\htdocs\fidofinance\wp-includes\class-wp-hook.php(303): WP_Stream\Connector->callback(Array, Array, 'sidebars_widget...')
#7 C:\xampp\htdocs\fidofinance\wp-includes\class-wp-hook.php(327): WP_Hook->apply_filters('', Array)
#8 C:\xampp\htdocs\fidofinance\wp-includes\plugin.php(470): WP_Hook->do_action(Array)
#9 C:\xampp\htdocs\fidofinance\wp-includes\option.php(521): do_action('update_option_s...', Array, Array, 'sidebars_widget...')
#10 C:\xampp\htdocs\fidofinance\wp-includes\widgets.php(1057): update_option('sidebars_widget...', Array)
#11 C:\xampp\htdocs\fidofinance\wp-includes\widgets.php(1914): wp_set_sidebars_widgets(Array)
#12 C:\xampp\htdocs\fidofinance\wp-includes\rest-api\endpoints\class-wp-rest-widgets-controller.php(199): wp_assign_widget_to_sidebar('block-7', 'top-footer')
#13 C:\xampp\htdocs\fidofinance\wp-includes\rest-api\class-wp-rest-server.php(1140): WP_REST_Widgets_Controller->create_item(Object(WP_REST_Request))
#14 C:\xampp\htdocs\fidofinance\wp-includes\rest-api\class-wp-rest-server.php(1626): WP_REST_Server->respond_to_request(Object(WP_REST_Request), '/wp/v2/widgets', Array, NULL)
#15 C:\xampp\htdocs\fidofinance\wp-includes\rest-api\class-wp-rest-server.php(1140): WP_REST_Server->serve_batch_request_v1(Object(WP_REST_Request))
#16 C:\xampp\htdocs\fidofinance\wp-includes\rest-api\class-wp-rest-server.php(987): WP_REST_Server->respond_to_request(Object(WP_REST_Request), '/batch/v1', Array, NULL)
#17 C:\xampp\htdocs\fidofinance\wp-includes\rest-api\class-wp-rest-server.php(414): WP_REST_Server->dispatch(Object(WP_REST_Request))
#18 C:\xampp\htdocs\fidofinance\wp-includes\rest-api.php(370): WP_REST_Server->serve_request('/batch/v1')
#19 C:\xampp\htdocs\fidofinance\wp-includes\class-wp-hook.php(303): rest_api_loaded(Object(WP))
#20 C:\xampp\htdocs\fidofinance\wp-includes\class-wp-hook.php(327): WP_Hook->apply_filters(NULL, Array)
#21 C:\xampp\htdocs\fidofinance\wp-includes\plugin.php(518): WP_Hook->do_action(Array)
#22 C:\xampp\htdocs\fidofinance\wp-includes\class-wp.php(388): do_action_ref_array('parse_request', Array)
#23 C:\xampp\htdocs\fidofinance\wp-includes\class-wp.php(750): WP->parse_request('')
#24 C:\xampp\htdocs\fidofinance\wp-includes\functions.php(1291): WP->main('')
#25 C:\xampp\htdocs\fidofinance\wp-blog-header.php(16): wp()
#26 C:\xampp\htdocs\fidofinance\index.php(17): require('C:\\xampp\\htdocs...')
#27 {main}
  thrown in C:\xampp\htdocs\fidofinance\wp-content\plugins\stream\connectors\class-connector-widgets.php on line 300

2021-12-22T05:10:12+00:00 CRITICAL Uncaught ArgumentCountError: array_merge() does not accept unknown named parameters in C:\xampp\htdocs\fidofinance\wp-content\plugins\stream\connectors\class-connector-widgets.php:300
Stack trace:
#0 [internal function]: array_merge(wp_inactive_widgets: Array, primary: Array, footer-widget: Array, footer-widget-2: Array, footer-widget-3: Array, footer-widget-4: Array, header-left-sidebar: Array, header-right-sidebar: Array, footer-box-popup: Array, top-footer: Array, copyrights: Array, default-sidebar: Array)
#1 C:\xampp\htdocs\fidofinance\wp-content\plugins\stream\connectors\class-connector-widgets.php(300): call_user_func_array('array_merge', Array)
#2 C:\xampp\htdocs\fidofinance\wp-content\plugins\stream\connectors\class-connector-widgets.php(178): WP_Stream\Connector_Widgets->handle_widget_removal(Array, Array)
#3 C:\xampp\htdocs\fidofinance\wp-content\plugins\stream\connectors\class-connector-widgets.php(144): WP_Stream\Connector_Widgets->handle_sidebars_widgets_changes(Array, Array)
#4 [internal function]: WP_Stream\Connector_Widgets->callback_update_option_sidebars_widgets(Array, Array, 'sidebars_widget...')
#5 C:\xampp\htdocs\fidofinance\wp-content\plugins\stream\classes\class-connector.php(127): call_user_func_array(Array, Array)
#6 C:\xampp\htdocs\fidofinance\wp-includes\class-wp-hook.php(303): WP_Stream\Connector->callback(Array, Array, 'sidebars_widget...')
#7 C:\xampp\htdocs\fidofinance\wp-includes\class-wp-hook.php(327): WP_Hook->apply_filters('', Array)
#8 C:\xampp\htdocs\fidofinance\wp-includes\plugin.php(470): WP_Hook->do_action(Array)
#9 C:\xampp\htdocs\fidofinance\wp-includes\option.php(521): do_action('update_option_s...', Array, Array, 'sidebars_widget...')
#10 C:\xampp\htdocs\fidofinance\wp-includes\widgets.php(1057): update_option('sidebars_widget...', Array)
#11 C:\xampp\htdocs\fidofinance\wp-includes\widgets.php(1914): wp_set_sidebars_widgets(Array)
#12 C:\xampp\htdocs\fidofinance\wp-includes\rest-api\endpoints\class-wp-rest-widgets-controller.php(385): wp_assign_widget_to_sidebar('block-7', '')
#13 C:\xampp\htdocs\fidofinance\wp-includes\rest-api\class-wp-rest-server.php(1140): WP_REST_Widgets_Controller->delete_item(Object(WP_REST_Request))
#14 C:\xampp\htdocs\fidofinance\wp-includes\rest-api\class-wp-rest-server.php(1626): WP_REST_Server->respond_to_request(Object(WP_REST_Request), '/wp/v2/widgets/...', Array, NULL)
#15 C:\xampp\htdocs\fidofinance\wp-includes\rest-api\class-wp-rest-server.php(1140): WP_REST_Server->serve_batch_request_v1(Object(WP_REST_Request))
#16 C:\xampp\htdocs\fidofinance\wp-includes\rest-api\class-wp-rest-server.php(987): WP_REST_Server->respond_to_request(Object(WP_REST_Request), '/batch/v1', Array, NULL)
#17 C:\xampp\htdocs\fidofinance\wp-includes\rest-api\class-wp-rest-server.php(414): WP_REST_Server->dispatch(Object(WP_REST_Request))
#18 C:\xampp\htdocs\fidofinance\wp-includes\rest-api.php(370): WP_REST_Server->serve_request('/batch/v1')
#19 C:\xampp\htdocs\fidofinance\wp-includes\class-wp-hook.php(303): rest_api_loaded(Object(WP))
#20 C:\xampp\htdocs\fidofinance\wp-includes\class-wp-hook.php(327): WP_Hook->apply_filters(NULL, Array)
#21 C:\xampp\htdocs\fidofinance\wp-includes\plugin.php(518): WP_Hook->do_action(Array)
#22 C:\xampp\htdocs\fidofinance\wp-includes\class-wp.php(388): do_action_ref_array('parse_request', Array)
#23 C:\xampp\htdocs\fidofinance\wp-includes\class-wp.php(750): WP->parse_request('')
#24 C:\xampp\htdocs\fidofinance\wp-includes\functions.php(1291): WP->main('')
#25 C:\xampp\htdocs\fidofinance\wp-blog-header.php(16): wp()
#26 C:\xampp\htdocs\fidofinance\index.php(17): require('C:\\xampp\\htdocs...')
#27 {main}
  thrown in C:\xampp\htdocs\fidofinance\wp-content\plugins\stream\connectors\class-connector-widgets.php on line 300

2021-12-22T05:12:49+00:00 CRITICAL Uncaught ArgumentCountError: array_merge() does not accept unknown named parameters in C:\xampp\htdocs\fidofinance\wp-content\plugins\stream\connectors\class-connector-widgets.php:300
Stack trace:
#0 [internal function]: array_merge(wp_inactive_widgets: Array, primary: Array, footer-widget: Array, footer-widget-2: Array, footer-widget-3: Array, footer-widget-4: Array, header-left-sidebar: Array, header-right-sidebar: Array, footer-box-popup: Array, top-footer: Array, copyrights: Array, default-sidebar: Array)
#1 C:\xampp\htdocs\fidofinance\wp-content\plugins\stream\connectors\class-connector-widgets.php(300): call_user_func_array('array_merge', Array)
#2 C:\xampp\htdocs\fidofinance\wp-content\plugins\stream\connectors\class-connector-widgets.php(178): WP_Stream\Connector_Widgets->handle_widget_removal(Array, Array)
#3 C:\xampp\htdocs\fidofinance\wp-content\plugins\stream\connectors\class-connector-widgets.php(144): WP_Stream\Connector_Widgets->handle_sidebars_widgets_changes(Array, Array)
#4 [internal function]: WP_Stream\Connector_Widgets->callback_update_option_sidebars_widgets(Array, Array, 'sidebars_widget...')
#5 C:\xampp\htdocs\fidofinance\wp-content\plugins\stream\classes\class-connector.php(127): call_user_func_array(Array, Array)
#6 C:\xampp\htdocs\fidofinance\wp-includes\class-wp-hook.php(303): WP_Stream\Connector->callback(Array, Array, 'sidebars_widget...')
#7 C:\xampp\htdocs\fidofinance\wp-includes\class-wp-hook.php(327): WP_Hook->apply_filters('', Array)
#8 C:\xampp\htdocs\fidofinance\wp-includes\plugin.php(470): WP_Hook->do_action(Array)
#9 C:\xampp\htdocs\fidofinance\wp-includes\option.php(521): do_action('update_option_s...', Array, Array, 'sidebars_widget...')
#10 C:\xampp\htdocs\fidofinance\wp-includes\widgets.php(1057): update_option('sidebars_widget...', Array)
#11 C:\xampp\htdocs\fidofinance\wp-includes\rest-api\endpoints\class-wp-rest-sidebars-controller.php(191): wp_set_sidebars_widgets(Array)
#12 C:\xampp\htdocs\fidofinance\wp-includes\rest-api\class-wp-rest-server.php(1140): WP_REST_Sidebars_Controller->update_item(Object(WP_REST_Request))
#13 C:\xampp\htdocs\fidofinance\wp-includes\rest-api\class-wp-rest-server.php(987): WP_REST_Server->respond_to_request(Object(WP_REST_Request), '/wp/v2/sidebars...', Array, NULL)
#14 C:\xampp\htdocs\fidofinance\wp-includes\rest-api\class-wp-rest-server.php(414): WP_REST_Server->dispatch(Object(WP_REST_Request))
#15 C:\xampp\htdocs\fidofinance\wp-includes\rest-api.php(370): WP_REST_Server->serve_request('/wp/v2/sidebars...')
#16 C:\xampp\htdocs\fidofinance\wp-includes\class-wp-hook.php(303): rest_api_loaded(Object(WP))
#17 C:\xampp\htdocs\fidofinance\wp-includes\class-wp-hook.php(327): WP_Hook->apply_filters(NULL, Array)
#18 C:\xampp\htdocs\fidofinance\wp-includes\plugin.php(518): WP_Hook->do_action(Array)
#19 C:\xampp\htdocs\fidofinance\wp-includes\class-wp.php(388): do_action_ref_array('parse_request', Array)
#20 C:\xampp\htdocs\fidofinance\wp-includes\class-wp.php(750): WP->parse_request('')
#21 C:\xampp\htdocs\fidofinance\wp-includes\functions.php(1291): WP->main('')
#22 C:\xampp\htdocs\fidofinance\wp-blog-header.php(16): wp()
#23 C:\xampp\htdocs\fidofinance\index.php(17): require('C:\\xampp\\htdocs...')
#24 {main}
  thrown in C:\xampp\htdocs\fidofinance\wp-content\plugins\stream\connectors\class-connector-widgets.php on line 300

